<?xml version="1.0" encoding="UTF-8"?>
<!-- Generated by org.testng.reporters.JUnitReportReporter -->
<testsuite skipped="0" hostname="DESKTOP-KF2PA67" name="pages.LoginPage" tests="1" failures="0" timestamp="2019-10-08T16:25:07 WAT" time="34.399" errors="0">
  <testcase name="userloggedwithvalidcredential" time="34.399" classname="pages.LoginPage"/>
</testsuite> <!-- pages.LoginPage -->
