<?xml version="1.0" encoding="UTF-8"?>
<!-- Generated by org.testng.reporters.JUnitReportReporter -->
<testsuite skipped="0" hostname="DESKTOP-5VLPJHM" name="actions.createUser" tests="1" failures="0" timestamp="2020-01-09T13:56:43 WAT" time="109.316" errors="0">
  <testcase name="create_customer_test" time="109.316" classname="actions.createUser"/>
</testsuite> <!-- actions.createUser -->
