<?xml version="1.0" encoding="UTF-8"?>
<!-- Generated by org.testng.reporters.JUnitReportReporter -->
<testsuite skipped="0" hostname="DESKTOP-5VLPJHM" name="actions.create_shop" tests="1" failures="0" timestamp="2020-01-08T16:00:53 WAT" time="105.175" errors="0">
  <testcase name="create_shop_test" time="105.175" classname="actions.create_shop"/>
</testsuite> <!-- actions.create_shop -->
