<?xml version="1.0" encoding="UTF-8"?>
<!-- Generated by org.testng.reporters.JUnitReportReporter -->
<testsuite skipped="0" hostname="DESKTOP-5VLPJHM" name="actions.Searchcustomer" tests="1" failures="0" timestamp="2019-12-11T15:48:43 WAT" time="62.842" errors="0">
  <testcase name="search_customer_test" time="62.842" classname="actions.Searchcustomer"/>
</testsuite> <!-- actions.Searchcustomer -->
